<?xml version="1.0" encoding="UTF-8"?>
<testsuite xmlns:xsi="http://www.w3.org/2001/XMLSchema-instance" xsi:noNamespaceSchemaLocation="https://maven.apache.org/surefire/maven-surefire-plugin/xsd/surefire-test-report-3.0.xsd" version="3.0" name="library.controllerTest.StatusReportTest" time="0.034" tests="5" errors="0" skipped="0" failures="0">
  <properties>
[...]
</properties>
  <testcase name="testConstructorWithPartialParameters" classname="library.controllerTest.StatusReportTest" time="0.004"/>
  <testcase name="testConstructorWithFullParameters" classname="library.controllerTest.StatusReportTest" time="0.001"/>
  <testcase name="testGetOperationEntity" classname="library.controllerTest.StatusReportTest" time="0.001"/>
  <testcase name="testGetOperationStatus" classname="library.controllerTest.StatusReportTest" time="0.017"/>
  <testcase name="testGetMessage" classname="library.controllerTest.StatusReportTest" time="0.001"/>
</testsuite>